"Start of log file."
"D:/GitHub/pinballl2/Pinballl/PinballProyect-main/Assets/Editables/Modelos/Calavera.max"
"Starting max loading and fbx conversion"
window = undefined
"Settings units"
"Before fbx export"
"After fbx export"
"Finished max loading and fbx conversion"
"D:/GitHub/pinballl2/Pinballl/PinballProyect-main/Assets/Editables/Modelos/luz.max"
"Starting max loading and fbx conversion"
window = undefined
"Settings units"
"Before fbx export"
"After fbx export"
"Finished max loading and fbx conversion"
"D:/GitHub/pinballl2/Pinballl/PinballProyect-main/Assets/Editables/tablero.max"
"Starting max loading and fbx conversion"
window = undefined
"Settings units"
"Before fbx export"
"After fbx export"
"Finished max loading and fbx conversion"
"D:/GitHub/pinballl2/Pinballl/PinballProyect-main/Assets/Editables/Modelos/Estatua.max"
"Starting max loading and fbx conversion"
window = undefined
"Settings units"
"Before fbx export"
"After fbx export"
"Finished max loading and fbx conversion"
"D:/GitHub/pinballl2/Pinballl/PinballProyect-main/Assets/Editables/tablero.2.max"
"Starting max loading and fbx conversion"
window = undefined
"Settings units"
"Before fbx export"
"After fbx export"
"Finished max loading and fbx conversion"
