Using pre-set license
Built from '2021.1/staging' branch; Version is '2021.1.18f1 (25bdc3efbc2d) revision 2473411'; Using compiler version '192528614'; Build Type 'Release'
OS: 'Windows 10 Home; OS build 19042.1288; Version 2009; 64bit' Language: 'es' Physical Memory: 16260 MB
BatchMode: 1, IsHumanControllingUs: 0, StartBugReporterOnCrash: 0, Is64bit: 1, IsPro: 0

COMMAND LINE ARGUMENTS:
C:\Program Files\Unity\Hub\Editor\2021.1.18f1\Editor\Unity.exe
-adb2
-batchMode
-noUpm
-name
AssetImportWorker0
-projectPath
D:/taller Multiplataforma/NeoPinball/Pinballl/PinballProyect-main
-logFile
Logs/AssetImportWorker0.log
-srvPort
61279
Successfully changed project path to: D:/taller Multiplataforma/NeoPinball/Pinballl/PinballProyect-main
D:/taller Multiplataforma/NeoPinball/Pinballl/PinballProyect-main
Using Asset Import Pipeline V2.
Refreshing native plugins compatible for Editor in 90.99 ms, found 3 plugins.
Preloading 0 native plugins for Editor in 0.00 ms.
Initialize engine version: 2021.1.18f1 (25bdc3efbc2d)
[Subsystems] Discovering subsystems at path C:/Program Files/Unity/Hub/Editor/2021.1.18f1/Editor/Data/Resources/UnitySubsystems
[Subsystems] Discovering subsystems at path D:/taller Multiplataforma/NeoPinball/Pinballl/PinballProyect-main/Assets
GfxDevice: creating device client; threaded=0; jobified=0
Direct3D:
    Version:  Direct3D 11.0 [level 11.1]
    Renderer: NVIDIA GeForce GTX 1060 with Max-Q Design (ID=0x1c20)
    Vendor:   NVIDIA
    VRAM:     6052 MB
    Driver:   27.21.14.6280
Initialize mono
Mono path[0] = 'C:/Program Files/Unity/Hub/Editor/2021.1.18f1/Editor/Data/Managed'
Mono path[1] = 'C:/Program Files/Unity/Hub/Editor/2021.1.18f1/Editor/Data/MonoBleedingEdge/lib/mono/unityjit'
Mono config path = 'C:/Program Files/Unity/Hub/Editor/2021.1.18f1/Editor/Data/MonoBleedingEdge/etc'
Using monoOptions --debugger-agent=transport=dt_socket,embedding=1,server=y,suspend=n,address=127.0.0.1:56596
Begin MonoManager ReloadAssembly
Registering precompiled unity dll's ...
Register platform support module: C:/Program Files/Unity/Hub/Editor/2021.1.18f1/Editor/Data/PlaybackEngines/WebGLSupport/UnityEditor.WebGL.Extensions.dll
Register platform support module: C:/Program Files/Unity/Hub/Editor/2021.1.18f1/Editor/Data/PlaybackEngines/WindowsStandaloneSupport/UnityEditor.WindowsStandalone.Extensions.dll
Registered in 0.002718 seconds.
Native extension for WindowsStandalone target not found
Native extension for WebGL target not found
Refreshing native plugins compatible for Editor in 91.87 ms, found 3 plugins.
Preloading 0 native plugins for Editor in 0.00 ms.
Mono: successfully reloaded assembly
- Completed reload, in  1.897 seconds
Domain Reload Profiling:
	ReloadAssembly (1897ms)
		BeginReloadAssembly (73ms)
			ExecutionOrderSort (0ms)
			DisableScriptedObjects (0ms)
			BackupInstance (0ms)
			ReleaseScriptingObjects (0ms)
			CreateAndSetChildDomain (1ms)
		EndReloadAssembly (474ms)
			LoadAssemblies (70ms)
			RebuildTransferFunctionScriptingTraits (0ms)
			SetupTypeCache (164ms)
			ReleaseScriptCaches (0ms)
			RebuildScriptCaches (34ms)
			SetupLoadedEditorAssemblies (228ms)
				LogAssemblyErrors (0ms)
				InitializePlatformSupportModulesInManaged (7ms)
				SetLoadedEditorAssemblies (0ms)
				RefreshPlugins (92ms)
				BeforeProcessingInitializeOnLoad (1ms)
				ProcessInitializeOnLoadAttributes (98ms)
				ProcessInitializeOnLoadMethodAttributes (30ms)
				AfterProcessingInitializeOnLoad (0ms)
				EditorAssembliesLoaded (0ms)
			ExecutionOrderSort2 (0ms)
			AwakeInstancesAfterBackupRestoration (0ms)
Platform modules already initialized, skipping
Registering precompiled user dll's ...
Registered in 0.004621 seconds.
Begin MonoManager ReloadAssembly
Symbol file LoadedFromMemory doesn't match image D:\taller Multiplataforma\NeoPinball\Pinballl\PinballProyect-main\Library\PackageCache\com.unity.visualscripting@1.6.1\Editor\VisualScripting.Core\Dependencies\YamlDotNet\Unity.VisualScripting.YamlDotNet.dll
Symbol file LoadedFromMemory doesn't match image D:\taller Multiplataforma\NeoPinball\Pinballl\PinballProyect-main\Library\PackageCache\com.unity.visualscripting@1.6.1\Editor\VisualScripting.Core\Dependencies\DotNetZip\Unity.VisualScripting.IonicZip.dll
Native extension for WindowsStandalone target not found
Native extension for WebGL target not found
Refreshing native plugins compatible for Editor in 0.64 ms, found 3 plugins.
Preloading 0 native plugins for Editor in 0.00 ms.
Mono: successfully reloaded assembly
- Completed reload, in  1.221 seconds
Domain Reload Profiling:
	ReloadAssembly (1221ms)
		BeginReloadAssembly (166ms)
			ExecutionOrderSort (0ms)
			DisableScriptedObjects (4ms)
			BackupInstance (0ms)
			ReleaseScriptingObjects (0ms)
			CreateAndSetChildDomain (20ms)
		EndReloadAssembly (994ms)
			LoadAssemblies (101ms)
			RebuildTransferFunctionScriptingTraits (0ms)
			SetupTypeCache (355ms)
			ReleaseScriptCaches (1ms)
			RebuildScriptCaches (53ms)
			SetupLoadedEditorAssemblies (403ms)
				LogAssemblyErrors (0ms)
				InitializePlatformSupportModulesInManaged (6ms)
				SetLoadedEditorAssemblies (0ms)
				RefreshPlugins (1ms)
				BeforeProcessingInitializeOnLoad (73ms)
				ProcessInitializeOnLoadAttributes (310ms)
				ProcessInitializeOnLoadMethodAttributes (4ms)
				AfterProcessingInitializeOnLoad (8ms)
				EditorAssembliesLoaded (0ms)
			ExecutionOrderSort2 (0ms)
			AwakeInstancesAfterBackupRestoration (7ms)
Platform modules already initialized, skipping
========================================================================
Worker process is ready to serve import requests
Launched and connected shader compiler UnityShaderCompiler.exe after 0.05 seconds
Refreshing native plugins compatible for Editor in 1.29 ms, found 3 plugins.
Preloading 0 native plugins for Editor in 0.00 ms.
Unloading 3206 Unused Serialized files (Serialized files now loaded: 0)
System memory in use before: 118.4 MB.
System memory in use after: 118.0 MB.

Unloading 36 unused Assets to reduce memory usage. Loaded Objects now: 3638.
Total: 3.428100 ms (FindLiveObjects: 0.245400 ms CreateObjectMapping: 0.135300 ms MarkObjects: 2.812400 ms  DeleteObjects: 0.233800 ms)

AssetImportParameters requested are different than current active one (requested -> active):
  custom:framework-win-MediaFoundation: 216162199b28c13a410421893ffa2e32 -> 
  custom:video-decoder-ogg-theora: a1e56fd34408186e4bbccfd4996cb3dc -> 
  custom:container-muxer-webm: aa71ff27fc2769a1b78a27578f13a17b -> 
  custom:container-demuxer-webm: 4f35f7cbe854078d1ac9338744f61a02 -> 
  custom:container-demuxer-ogg: 62fdf1f143b41e24485cea50d1cbac27 -> 
  custom:video-encoder-webm-vp8: eb34c28f22e8b96e1ab97ce403110664 -> 
  custom:video-codec-MediaFoundation-h265: 746d11721c4dcdbdad8f713fa42b33f4 -> 
  custom:video-decoder-webm-vp8: 9c59270c3fd7afecdb556c50c9e8de78 -> 
  custom:audio-decoder-ogg-vorbis: bf7c407c2cedff20999df2af8eb42d56 -> 
  custom:audio-encoder-webm-vorbis: bf7c407c2cedff20999df2af8eb42d56 -> 
========================================================================
Received Import Request.
  path: Assets/Editables/tablero.max
  artifactKey: Guid(446787d5ef3ac1a459f304d3fd3705a1) Importer(815301076,1909f56bfc062723c751e8b465ee728b)
Start importing Assets/Editables/tablero.max using Guid(446787d5ef3ac1a459f304d3fd3705a1) Importer(815301076,1909f56bfc062723c751e8b465ee728b)  -> (artifact id: 'a82328e60055797e94797aacda9331fd') in 0.321777 seconds 
========================================================================
Received Import Request.
  Time since last request: 0.000216 seconds.
  path: Assets/Editables/Accel.png
  artifactKey: Guid(6adc9526b7574f34095a9fc83e6cb516) Importer(815301076,1909f56bfc062723c751e8b465ee728b)
Start importing Assets/Editables/Accel.png using Guid(6adc9526b7574f34095a9fc83e6cb516) Importer(815301076,1909f56bfc062723c751e8b465ee728b)  -> (artifact id: 'e64dc627e463346b79d9c7437255b055') in 0.063846 seconds 
========================================================================
Received Import Request.
  Time since last request: 0.000237 seconds.
  path: Assets/Editables
  artifactKey: Guid(04b7f76710c47ca47b95800cd453e28d) Importer(815301076,1909f56bfc062723c751e8b465ee728b)
Start importing Assets/Editables using Guid(04b7f76710c47ca47b95800cd453e28d) Importer(815301076,1909f56bfc062723c751e8b465ee728b)  -> (artifact id: 'ecdee89efec5e6de64b118d4aca1d7e5') in 0.001283 seconds 
========================================================================
Received Import Request.
  Time since last request: 0.000257 seconds.
  path: Assets/Editables/tablero.2.max
  artifactKey: Guid(bb44193691a8dc441ac578167a6950f0) Importer(815301076,1909f56bfc062723c751e8b465ee728b)
Start importing Assets/Editables/tablero.2.max using Guid(bb44193691a8dc441ac578167a6950f0) Importer(815301076,1909f56bfc062723c751e8b465ee728b)  -> (artifact id: '06cb4b5f1115ce0cb9ff7d6cf63a7cf7') in 0.197860 seconds 
========================================================================
Received Import Request.
  Time since last request: 1.461299 seconds.
  path: Assets/Editables/Materials
  artifactKey: Guid(2b79769dd6439d14386332ccaf0fba66) Importer(815301076,1909f56bfc062723c751e8b465ee728b)
Start importing Assets/Editables/Materials using Guid(2b79769dd6439d14386332ccaf0fba66) Importer(815301076,1909f56bfc062723c751e8b465ee728b)  -> (artifact id: 'b87cbae3910db4526c44c1d5860ac691') in 0.001262 seconds 
========================================================================
Received Import Request.
  Time since last request: 0.086978 seconds.
  path: Assets/Editables/Materials/14063536-bone-seamless-texture-tile.jpg
  artifactKey: Guid(481a86ac40dd3f3469e1f0491c5f2420) Importer(815301076,1909f56bfc062723c751e8b465ee728b)
Start importing Assets/Editables/Materials/14063536-bone-seamless-texture-tile.jpg using Guid(481a86ac40dd3f3469e1f0491c5f2420) Importer(815301076,1909f56bfc062723c751e8b465ee728b)  -> (artifact id: '80996fd8ccc876c20042d72270390a8b') in 0.008195 seconds 
========================================================================
Received Import Request.
  Time since last request: 0.000313 seconds.
  path: Assets/Editables/Materials/tentativa.png
  artifactKey: Guid(b9694be557908ac43a1afc157a5f5b9f) Importer(815301076,1909f56bfc062723c751e8b465ee728b)
Start importing Assets/Editables/Materials/tentativa.png using Guid(b9694be557908ac43a1afc157a5f5b9f) Importer(815301076,1909f56bfc062723c751e8b465ee728b)  -> (artifact id: 'fc52043963c5136b57752bcc0fac7f2f') in 0.007220 seconds 
========================================================================
Received Import Request.
  Time since last request: 0.000277 seconds.
  path: Assets/Editables/Materials/Hueso.mat
  artifactKey: Guid(e04d9d2219cd00f46a4b117e1e5b1250) Importer(815301076,1909f56bfc062723c751e8b465ee728b)
Start importing Assets/Editables/Materials/Hueso.mat using Guid(e04d9d2219cd00f46a4b117e1e5b1250) Importer(815301076,1909f56bfc062723c751e8b465ee728b)  -> (artifact id: '711e705d7bb6048f7f967fe96cfa08ef') in 0.023348 seconds 
========================================================================
Received Import Request.
  Time since last request: 0.000307 seconds.
  path: Assets/Editables/Materials/broken_wall_disp_4k.png
  artifactKey: Guid(d168f856dc814964588cb7209c2d8008) Importer(815301076,1909f56bfc062723c751e8b465ee728b)
Start importing Assets/Editables/Materials/broken_wall_disp_4k.png using Guid(d168f856dc814964588cb7209c2d8008) Importer(815301076,1909f56bfc062723c751e8b465ee728b)  -> (artifact id: '795de1aa99e636c7cda980554788cf57') in 0.023461 seconds 
========================================================================
Received Import Request.
  Time since last request: 0.000310 seconds.
  path: Assets/Editables/Materials/Arena2.mat
  artifactKey: Guid(25083cce5ae2e394a97e6f0d86787fe8) Importer(815301076,1909f56bfc062723c751e8b465ee728b)
Start importing Assets/Editables/Materials/Arena2.mat using Guid(25083cce5ae2e394a97e6f0d86787fe8) Importer(815301076,1909f56bfc062723c751e8b465ee728b)  -> (artifact id: '8ca04dd85df1e7a9bf633d9012023812') in 0.007393 seconds 
========================================================================
Received Import Request.
  Time since last request: 0.000302 seconds.
  path: Assets/Editables/Materials/broken_wall_diff_4k.jpg
  artifactKey: Guid(66645474162004446998993203cdcbc7) Importer(815301076,1909f56bfc062723c751e8b465ee728b)
Start importing Assets/Editables/Materials/broken_wall_diff_4k.jpg using Guid(66645474162004446998993203cdcbc7) Importer(815301076,1909f56bfc062723c751e8b465ee728b)  -> (artifact id: '16cce9511ed54358f778f9bb34e14e5d') in 0.008264 seconds 
========================================================================
Received Import Request.
  Time since last request: 0.000333 seconds.
  path: Assets/Editables/Materials/Accel.mat
  artifactKey: Guid(ffba668f96744eb46b229ac1ad23b037) Importer(815301076,1909f56bfc062723c751e8b465ee728b)
Start importing Assets/Editables/Materials/Accel.mat using Guid(ffba668f96744eb46b229ac1ad23b037) Importer(815301076,1909f56bfc062723c751e8b465ee728b)  -> (artifact id: '0b1e515d02f46e9ddfaa49dc521150aa') in 0.085527 seconds 
========================================================================
Received Import Request.
  Time since last request: 0.000322 seconds.
  path: Assets/Editables/Materials/spceckledstone512x5121.png
  artifactKey: Guid(673ec9526f1bd27428bb4ed92862d470) Importer(815301076,1909f56bfc062723c751e8b465ee728b)
Start importing Assets/Editables/Materials/spceckledstone512x5121.png using Guid(673ec9526f1bd27428bb4ed92862d470) Importer(815301076,1909f56bfc062723c751e8b465ee728b)  -> (artifact id: '2de7d24c513f282b4dbeb850f31952a8') in 0.007646 seconds 
========================================================================
Received Import Request.
  Time since last request: 0.000285 seconds.
  path: Assets/Editables/Materials/ARENA.mat
  artifactKey: Guid(16b73cde44ec6a8418f43c42cf73c7fd) Importer(815301076,1909f56bfc062723c751e8b465ee728b)
Start importing Assets/Editables/Materials/ARENA.mat using Guid(16b73cde44ec6a8418f43c42cf73c7fd) Importer(815301076,1909f56bfc062723c751e8b465ee728b)  -> (artifact id: '617abf54580a84b7fd1b6e419736db4a') in 0.007962 seconds 
========================================================================
Received Import Request.
  Time since last request: 0.000287 seconds.
  path: Assets/Editables/Materials/Wall_Roca.mat
  artifactKey: Guid(5cd061d4cf7b3d046814ccff84c211b4) Importer(815301076,1909f56bfc062723c751e8b465ee728b)
Start importing Assets/Editables/Materials/Wall_Roca.mat using Guid(5cd061d4cf7b3d046814ccff84c211b4) Importer(815301076,1909f56bfc062723c751e8b465ee728b)  -> (artifact id: '152e7b50e84efa3b069283d9f9bd9e6e') in 0.228213 seconds 
========================================================================
Received Import Request.
  Time since last request: 0.000296 seconds.
  path: Assets/Editables/Materials/broken_wall_nor_gl_4k.png
  artifactKey: Guid(c17128dc374f53a448988c9204131ec5) Importer(815301076,1909f56bfc062723c751e8b465ee728b)
Start importing Assets/Editables/Materials/broken_wall_nor_gl_4k.png using Guid(c17128dc374f53a448988c9204131ec5) Importer(815301076,1909f56bfc062723c751e8b465ee728b)  -> (artifact id: '242486c76aa97711bf0d8b7b18861fc4') in 0.013039 seconds 
========================================================================
Received Import Request.
  Time since last request: 0.000311 seconds.
  path: Assets/Editables/Materials/broken_wall_rough_4k.jpg
  artifactKey: Guid(466080edcc8c0c64389d0e7d28879693) Importer(815301076,1909f56bfc062723c751e8b465ee728b)
Start importing Assets/Editables/Materials/broken_wall_rough_4k.jpg using Guid(466080edcc8c0c64389d0e7d28879693) Importer(815301076,1909f56bfc062723c751e8b465ee728b)  -> (artifact id: 'af897ad2cdc646974757ef01f7da20e6') in 0.009813 seconds 
========================================================================
Received Import Request.
  Time since last request: 0.000270 seconds.
  path: Assets/Editables/Materials/taxarena2.png
  artifactKey: Guid(5cddb5fca2e74a54ea2dd140c4e9a5a6) Importer(815301076,1909f56bfc062723c751e8b465ee728b)
Start importing Assets/Editables/Materials/taxarena2.png using Guid(5cddb5fca2e74a54ea2dd140c4e9a5a6) Importer(815301076,1909f56bfc062723c751e8b465ee728b)  -> (artifact id: 'f2bc45c18c8864b69b9613fe7bc4582f') in 0.006193 seconds 
========================================================================
Received Import Request.
  Time since last request: 0.310887 seconds.
  path: Assets/Editables/Materials/Roca
  artifactKey: Guid(88500d36d52307d42ae288e4fb164598) Importer(815301076,1909f56bfc062723c751e8b465ee728b)
Start importing Assets/Editables/Materials/Roca using Guid(88500d36d52307d42ae288e4fb164598) Importer(815301076,1909f56bfc062723c751e8b465ee728b)  -> (artifact id: '599ea4c322dfc7c04766ced5cbc3aac0') in 0.001360 seconds 
========================================================================
Received Import Request.
  Time since last request: 2.234693 seconds.
  path: Assets/Editables/Modelos
  artifactKey: Guid(730c85d71d27ec14381cd3f692cf8ea6) Importer(815301076,1909f56bfc062723c751e8b465ee728b)
Start importing Assets/Editables/Modelos using Guid(730c85d71d27ec14381cd3f692cf8ea6) Importer(815301076,1909f56bfc062723c751e8b465ee728b)  -> (artifact id: '9174625a8a435830f156da32567d3527') in 0.001358 seconds 
========================================================================
Received Import Request.
  Time since last request: 0.069579 seconds.
  path: Assets/Editables/Modelos/Boton.mat
  artifactKey: Guid(0897050ba53086f49ad475a318faf5cf) Importer(815301076,1909f56bfc062723c751e8b465ee728b)
Start importing Assets/Editables/Modelos/Boton.mat using Guid(0897050ba53086f49ad475a318faf5cf) Importer(815301076,1909f56bfc062723c751e8b465ee728b)  -> (artifact id: 'b3fbfc9face23a1eff623753027350cc') in 0.211556 seconds 
========================================================================
Received Import Request.
  Time since last request: 0.000273 seconds.
  path: Assets/Editables/Modelos/WhatsApp_Audio_2021-10-03_at_01.31.01.mp3
  artifactKey: Guid(b7ac2d0b00819104bb2ff2c05efef254) Importer(815301076,1909f56bfc062723c751e8b465ee728b)
Start importing Assets/Editables/Modelos/WhatsApp_Audio_2021-10-03_at_01.31.01.mp3 using Guid(b7ac2d0b00819104bb2ff2c05efef254) Importer(815301076,1909f56bfc062723c751e8b465ee728b)  -> (artifact id: '56cc6940938acd9f458e29a9ca62d98b') in 0.025557 seconds 
========================================================================
Received Import Request.
  Time since last request: 0.000235 seconds.
  path: Assets/Editables/Modelos/Tablero.obj
  artifactKey: Guid(c514bf0c6ed457d41904bb1fe410be8e) Importer(815301076,1909f56bfc062723c751e8b465ee728b)
Start importing Assets/Editables/Modelos/Tablero.obj using Guid(c514bf0c6ed457d41904bb1fe410be8e) Importer(815301076,1909f56bfc062723c751e8b465ee728b)  -> (artifact id: '0e706d45f37beffe16e3cb8f5433446d') in 0.290076 seconds 
========================================================================
Received Import Request.
  Time since last request: 0.000218 seconds.
  path: Assets/Editables/Modelos/Elementos_Rebot.FBX
  artifactKey: Guid(5ea4222fc740d2c4886155beb706982f) Importer(815301076,1909f56bfc062723c751e8b465ee728b)
Start importing Assets/Editables/Modelos/Elementos_Rebot.FBX using Guid(5ea4222fc740d2c4886155beb706982f) Importer(815301076,1909f56bfc062723c751e8b465ee728b)  -> (artifact id: 'ad2f6251eb395fb395649c3fef77c31b') in 0.033047 seconds 
========================================================================
Received Import Request.
  Time since last request: 0.000319 seconds.
  path: Assets/Editables/Modelos/estatua.FBX
  artifactKey: Guid(568555afec78c3747aed8c41f69b3771) Importer(815301076,1909f56bfc062723c751e8b465ee728b)
Start importing Assets/Editables/Modelos/estatua.FBX using Guid(568555afec78c3747aed8c41f69b3771) Importer(815301076,1909f56bfc062723c751e8b465ee728b)  -> (artifact id: 'b1359e938d7240eb792a98c1eefba17c') in 0.019458 seconds 
========================================================================
Received Import Request.
  Time since last request: 0.000293 seconds.
  path: Assets/Editables/Modelos/Tablero.FBX
  artifactKey: Guid(33e16f4118f1b2e4395921b26e4dbb2c) Importer(815301076,1909f56bfc062723c751e8b465ee728b)
Start importing Assets/Editables/Modelos/Tablero.FBX using Guid(33e16f4118f1b2e4395921b26e4dbb2c) Importer(815301076,1909f56bfc062723c751e8b465ee728b)  -> (artifact id: '1d2ecb5bf6740fde9eb2775325f63176') in 0.190275 seconds 
========================================================================
Received Import Request.
  Time since last request: 0.000257 seconds.
  path: Assets/Editables/Modelos/png/Ganaste.jpg
  artifactKey: Guid(adda28f51cbc54740b179ce7a4af1127) Importer(815301076,1909f56bfc062723c751e8b465ee728b)
Start importing Assets/Editables/Modelos/png/Ganaste.jpg using Guid(adda28f51cbc54740b179ce7a4af1127) Importer(815301076,1909f56bfc062723c751e8b465ee728b)  -> (artifact id: '9a7e668f036f7caff0786d3b4bae6ad4') in 0.006553 seconds 
========================================================================
Received Import Request.
  Time since last request: 0.000305 seconds.
  path: Assets/Editables/Modelos/png/Perdiste.jpg
  artifactKey: Guid(eb14729afa7b8a349a3836e2edf5d56c) Importer(815301076,1909f56bfc062723c751e8b465ee728b)
Start importing Assets/Editables/Modelos/png/Perdiste.jpg using Guid(eb14729afa7b8a349a3836e2edf5d56c) Importer(815301076,1909f56bfc062723c751e8b465ee728b)  -> (artifact id: '5532acd6474c09ad903d4f452598cd1b') in 0.013714 seconds 
========================================================================
Received Import Request.
  Time since last request: 0.000312 seconds.
  path: Assets/Editables/Modelos/png
  artifactKey: Guid(7eef78c640787084fa47466a07a6ed9f) Importer(815301076,1909f56bfc062723c751e8b465ee728b)
Start importing Assets/Editables/Modelos/png using Guid(7eef78c640787084fa47466a07a6ed9f) Importer(815301076,1909f56bfc062723c751e8b465ee728b)  -> (artifact id: '82805aca675aa174aa1aff61e4943b1c') in 0.001553 seconds 
========================================================================
Received Import Request.
  Time since last request: 0.000312 seconds.
  path: Assets/Editables/Modelos/Estatua.max
  artifactKey: Guid(26a16f640fa30a3468f40dfca361666a) Importer(815301076,1909f56bfc062723c751e8b465ee728b)
Start importing Assets/Editables/Modelos/Estatua.max using Guid(26a16f640fa30a3468f40dfca361666a) Importer(815301076,1909f56bfc062723c751e8b465ee728b)  -> (artifact id: '1d29b44b623bcb7e6c6ac6eb258d5cfe') in 0.019593 seconds 
========================================================================
Received Import Request.
  Time since last request: 0.000252 seconds.
  path: Assets/Editables/Modelos/boton.png
  artifactKey: Guid(7f5579f7e4ef4754d9804805ca8c007a) Importer(815301076,1909f56bfc062723c751e8b465ee728b)
Start importing Assets/Editables/Modelos/boton.png using Guid(7f5579f7e4ef4754d9804805ca8c007a) Importer(815301076,1909f56bfc062723c751e8b465ee728b)  -> (artifact id: '94455c8b55d9381844ee23d12c677255') in 0.018050 seconds 
========================================================================
Received Import Request.
  Time since last request: 0.000295 seconds.
  path: Assets/Editables/Modelos/luz.max
  artifactKey: Guid(0425b93d2d297c648884fadc5e0c6d06) Importer(815301076,1909f56bfc062723c751e8b465ee728b)
Start importing Assets/Editables/Modelos/luz.max using Guid(0425b93d2d297c648884fadc5e0c6d06) Importer(815301076,1909f56bfc062723c751e8b465ee728b)  -> (artifact id: '3613dedabc89d5b8bfc2aba5fd9a0ca8') in 0.022110 seconds 
========================================================================
Received Import Request.
  Time since last request: 0.000232 seconds.
  path: Assets/Editables/Modelos/Calavera.FBX
  artifactKey: Guid(3b2136b88a3eb8849a79c620dfd8b20a) Importer(815301076,1909f56bfc062723c751e8b465ee728b)
Start importing Assets/Editables/Modelos/Calavera.FBX using Guid(3b2136b88a3eb8849a79c620dfd8b20a) Importer(815301076,1909f56bfc062723c751e8b465ee728b)  -> (artifact id: '44352d74727ff55e395104fb6a72dbc9') in 0.026594 seconds 
========================================================================
Received Import Request.
  Time since last request: 9.711435 seconds.
  path: Assets/Editables/Modelos/png/Ganaste.jpg
  artifactKey: Guid(adda28f51cbc54740b179ce7a4af1127) Importer(815301076,1909f56bfc062723c751e8b465ee728b)
Start importing Assets/Editables/Modelos/png/Ganaste.jpg using Guid(adda28f51cbc54740b179ce7a4af1127) Importer(815301076,1909f56bfc062723c751e8b465ee728b)  -> (artifact id: 'e37c22def83b85235f79dd31bbc5d7a0') in 0.030403 seconds 
========================================================================
Received Import Request.
  Time since last request: 7.468812 seconds.
  path: Assets/Editables/Modelos/png/Perdiste.jpg
  artifactKey: Guid(eb14729afa7b8a349a3836e2edf5d56c) Importer(815301076,1909f56bfc062723c751e8b465ee728b)
Start importing Assets/Editables/Modelos/png/Perdiste.jpg using Guid(eb14729afa7b8a349a3836e2edf5d56c) Importer(815301076,1909f56bfc062723c751e8b465ee728b)  -> (artifact id: 'f489a7a2fb51cdd12cb59a9dfa732ecd') in 0.016316 seconds 
========================================================================
Received Import Request.
  Time since last request: 147.851589 seconds.
  path: Assets/Editables/Code
  artifactKey: Guid(492a71881c12b5144a70628d3f85a873) Importer(815301076,1909f56bfc062723c751e8b465ee728b)
Start importing Assets/Editables/Code using Guid(492a71881c12b5144a70628d3f85a873) Importer(815301076,1909f56bfc062723c751e8b465ee728b)  -> (artifact id: '1e3bd96a4493935540d71b22a0f680ff') in 0.001621 seconds 
========================================================================
Received Import Request.
  Time since last request: 12.600612 seconds.
  path: Assets/Editables/Code/Principal.cs
  artifactKey: Guid(8c33efc0b7a320d4b9353d85427de824) Importer(815301076,1909f56bfc062723c751e8b465ee728b)
Start importing Assets/Editables/Code/Principal.cs using Guid(8c33efc0b7a320d4b9353d85427de824) Importer(815301076,1909f56bfc062723c751e8b465ee728b)  -> (artifact id: '146f4ca2d3bc3791195967d1ac2e1dae') in 0.005524 seconds 
========================================================================
Received Prepare
Registering precompiled user dll's ...
Registered in 0.004659 seconds.
Begin MonoManager ReloadAssembly
Symbol file LoadedFromMemory doesn't match image D:\taller Multiplataforma\NeoPinball\Pinballl\PinballProyect-main\Library\PackageCache\com.unity.visualscripting@1.6.1\Editor\VisualScripting.Core\Dependencies\YamlDotNet\Unity.VisualScripting.YamlDotNet.dll
Symbol file LoadedFromMemory doesn't match image D:\taller Multiplataforma\NeoPinball\Pinballl\PinballProyect-main\Library\PackageCache\com.unity.visualscripting@1.6.1\Editor\VisualScripting.Core\Dependencies\DotNetZip\Unity.VisualScripting.IonicZip.dll
Native extension for WindowsStandalone target not found
Native extension for WebGL target not found
Refreshing native plugins compatible for Editor in 0.59 ms, found 3 plugins.
Preloading 0 native plugins for Editor in 0.00 ms.
Mono: successfully reloaded assembly
- Completed reload, in  1.179 seconds
Domain Reload Profiling:
	ReloadAssembly (1179ms)
		BeginReloadAssembly (128ms)
			ExecutionOrderSort (0ms)
			DisableScriptedObjects (4ms)
			BackupInstance (0ms)
			ReleaseScriptingObjects (0ms)
			CreateAndSetChildDomain (38ms)
		EndReloadAssembly (989ms)
			LoadAssemblies (99ms)
			RebuildTransferFunctionScriptingTraits (0ms)
			SetupTypeCache (347ms)
			ReleaseScriptCaches (1ms)
			RebuildScriptCaches (49ms)
			SetupLoadedEditorAssemblies (379ms)
				LogAssemblyErrors (0ms)
				InitializePlatformSupportModulesInManaged (7ms)
				SetLoadedEditorAssemblies (0ms)
				RefreshPlugins (1ms)
				BeforeProcessingInitializeOnLoad (58ms)
				ProcessInitializeOnLoadAttributes (300ms)
				ProcessInitializeOnLoadMethodAttributes (4ms)
				AfterProcessingInitializeOnLoad (8ms)
				EditorAssembliesLoaded (0ms)
			ExecutionOrderSort2 (0ms)
			AwakeInstancesAfterBackupRestoration (15ms)
Platform modules already initialized, skipping
Refreshing native plugins compatible for Editor in 0.60 ms, found 3 plugins.
Preloading 0 native plugins for Editor in 0.00 ms.
Unloading 3211 Unused Serialized files (Serialized files now loaded: 0)
System memory in use before: 153.1 MB.
System memory in use after: 152.7 MB.

Unloading 32 unused Assets to reduce memory usage. Loaded Objects now: 3903.
Total: 3.434700 ms (FindLiveObjects: 0.232100 ms CreateObjectMapping: 0.132500 ms MarkObjects: 2.850500 ms  DeleteObjects: 0.218500 ms)

AssetImportParameters requested are different than current active one (requested -> active):
  custom:framework-win-MediaFoundation: 216162199b28c13a410421893ffa2e32 -> 
  custom:video-decoder-ogg-theora: a1e56fd34408186e4bbccfd4996cb3dc -> 
  custom:container-muxer-webm: aa71ff27fc2769a1b78a27578f13a17b -> 
  custom:container-demuxer-webm: 4f35f7cbe854078d1ac9338744f61a02 -> 
  custom:container-demuxer-ogg: 62fdf1f143b41e24485cea50d1cbac27 -> 
  custom:video-encoder-webm-vp8: eb34c28f22e8b96e1ab97ce403110664 -> 
  custom:video-codec-MediaFoundation-h265: 746d11721c4dcdbdad8f713fa42b33f4 -> 
  custom:video-decoder-webm-vp8: 9c59270c3fd7afecdb556c50c9e8de78 -> 
  custom:audio-decoder-ogg-vorbis: bf7c407c2cedff20999df2af8eb42d56 -> 
  custom:audio-encoder-webm-vorbis: bf7c407c2cedff20999df2af8eb42d56 -> 
========================================================================
Received Import Request.
  Time since last request: 9.404239 seconds.
  path: Assets/Editables/Code/es
  artifactKey: Guid(d3c2321e27f174442914112e4f6da5c6) Importer(815301076,1909f56bfc062723c751e8b465ee728b)
Start importing Assets/Editables/Code/es using Guid(d3c2321e27f174442914112e4f6da5c6) Importer(815301076,1909f56bfc062723c751e8b465ee728b)  -> (artifact id: '5170d900a14a6fac800da15ed64a70b9') in 0.005221 seconds 
========================================================================
Received Import Request.
  Time since last request: 4.872973 seconds.
  path: Assets/Editables/Code/Escenas
  artifactKey: Guid(d3c2321e27f174442914112e4f6da5c6) Importer(815301076,1909f56bfc062723c751e8b465ee728b)
Start importing Assets/Editables/Code/Escenas using Guid(d3c2321e27f174442914112e4f6da5c6) Importer(815301076,1909f56bfc062723c751e8b465ee728b)  -> (artifact id: 'f197eddaf130986cc0c77d9f976e0905') in 0.001368 seconds 
========================================================================
Received Prepare
Registering precompiled user dll's ...
Registered in 0.004518 seconds.
Begin MonoManager ReloadAssembly
Symbol file LoadedFromMemory doesn't match image D:\taller Multiplataforma\NeoPinball\Pinballl\PinballProyect-main\Library\PackageCache\com.unity.visualscripting@1.6.1\Editor\VisualScripting.Core\Dependencies\YamlDotNet\Unity.VisualScripting.YamlDotNet.dll
Symbol file LoadedFromMemory doesn't match image D:\taller Multiplataforma\NeoPinball\Pinballl\PinballProyect-main\Library\PackageCache\com.unity.visualscripting@1.6.1\Editor\VisualScripting.Core\Dependencies\DotNetZip\Unity.VisualScripting.IonicZip.dll
Native extension for WindowsStandalone target not found
Native extension for WebGL target not found
Refreshing native plugins compatible for Editor in 0.63 ms, found 3 plugins.
Preloading 0 native plugins for Editor in 0.00 ms.
Mono: successfully reloaded assembly
- Completed reload, in  1.182 seconds
Domain Reload Profiling:
	ReloadAssembly (1183ms)
		BeginReloadAssembly (129ms)
			ExecutionOrderSort (0ms)
			DisableScriptedObjects (7ms)
			BackupInstance (0ms)
			ReleaseScriptingObjects (0ms)
			CreateAndSetChildDomain (35ms)
		EndReloadAssembly (995ms)
			LoadAssemblies (103ms)
			RebuildTransferFunctionScriptingTraits (0ms)
			SetupTypeCache (352ms)
			ReleaseScriptCaches (1ms)
			RebuildScriptCaches (47ms)
			SetupLoadedEditorAssemblies (378ms)
				LogAssemblyErrors (0ms)
				InitializePlatformSupportModulesInManaged (6ms)
				SetLoadedEditorAssemblies (0ms)
				RefreshPlugins (1ms)
				BeforeProcessingInitializeOnLoad (56ms)
				ProcessInitializeOnLoadAttributes (302ms)
				ProcessInitializeOnLoadMethodAttributes (4ms)
				AfterProcessingInitializeOnLoad (8ms)
				EditorAssembliesLoaded (0ms)
			ExecutionOrderSort2 (0ms)
			AwakeInstancesAfterBackupRestoration (15ms)
Platform modules already initialized, skipping
Refreshing native plugins compatible for Editor in 0.72 ms, found 3 plugins.
Preloading 0 native plugins for Editor in 0.00 ms.
Unloading 3199 Unused Serialized files (Serialized files now loaded: 0)
System memory in use before: 152.7 MB.
System memory in use after: 152.4 MB.

Unloading 31 unused Assets to reduce memory usage. Loaded Objects now: 3905.
Total: 3.885600 ms (FindLiveObjects: 0.275500 ms CreateObjectMapping: 0.173700 ms MarkObjects: 3.067900 ms  DeleteObjects: 0.366900 ms)

AssetImportParameters requested are different than current active one (requested -> active):
  custom:framework-win-MediaFoundation: 216162199b28c13a410421893ffa2e32 -> 
  custom:video-decoder-ogg-theora: a1e56fd34408186e4bbccfd4996cb3dc -> 
  custom:container-muxer-webm: aa71ff27fc2769a1b78a27578f13a17b -> 
  custom:container-demuxer-webm: 4f35f7cbe854078d1ac9338744f61a02 -> 
  custom:container-demuxer-ogg: 62fdf1f143b41e24485cea50d1cbac27 -> 
  custom:video-encoder-webm-vp8: eb34c28f22e8b96e1ab97ce403110664 -> 
  custom:video-codec-MediaFoundation-h265: 746d11721c4dcdbdad8f713fa42b33f4 -> 
  custom:video-decoder-webm-vp8: 9c59270c3fd7afecdb556c50c9e8de78 -> 
  custom:audio-decoder-ogg-vorbis: bf7c407c2cedff20999df2af8eb42d56 -> 
  custom:audio-encoder-webm-vorbis: bf7c407c2cedff20999df2af8eb42d56 -> 
========================================================================
Received Import Request.
  Time since last request: 33.923253 seconds.
  path: Assets/Editables/Code/Codigos_Cifras
  artifactKey: Guid(b38a4895e3c0d7a4cab6d6dfd1159bf6) Importer(815301076,1909f56bfc062723c751e8b465ee728b)
Start importing Assets/Editables/Code/Codigos_Cifras using Guid(b38a4895e3c0d7a4cab6d6dfd1159bf6) Importer(815301076,1909f56bfc062723c751e8b465ee728b)  -> (artifact id: 'aadc4cd9ae7a9fa179e866eb0d1e429e') in 0.006731 seconds 
========================================================================
Received Import Request.
  Time since last request: 7.195541 seconds.
  path: Assets/Editables/Code/Touch_Derecha.cs
  artifactKey: Guid(20bdad745e054914691d213f998acb76) Importer(815301076,1909f56bfc062723c751e8b465ee728b)
Start importing Assets/Editables/Code/Touch_Derecha.cs using Guid(20bdad745e054914691d213f998acb76) Importer(815301076,1909f56bfc062723c751e8b465ee728b)  -> (artifact id: '856f5dc311b52715cfdf3b1b2c41f4d9') in 0.002408 seconds 
========================================================================
Received Import Request.
  Time since last request: 183.096959 seconds.
  path: Assets/Editables/Code/Escenas/Principal.cs
  artifactKey: Guid(8c33efc0b7a320d4b9353d85427de824) Importer(815301076,1909f56bfc062723c751e8b465ee728b)
Start importing Assets/Editables/Code/Escenas/Principal.cs using Guid(8c33efc0b7a320d4b9353d85427de824) Importer(815301076,1909f56bfc062723c751e8b465ee728b)  -> (artifact id: 'b12420af64fe6f4c84b12239ab2b11dd') in 0.001518 seconds 
========================================================================
Received Prepare
Registering precompiled user dll's ...
Registered in 0.006015 seconds.
Begin MonoManager ReloadAssembly
Symbol file LoadedFromMemory doesn't match image D:\taller Multiplataforma\NeoPinball\Pinballl\PinballProyect-main\Library\PackageCache\com.unity.visualscripting@1.6.1\Editor\VisualScripting.Core\Dependencies\YamlDotNet\Unity.VisualScripting.YamlDotNet.dll
Symbol file LoadedFromMemory doesn't match image D:\taller Multiplataforma\NeoPinball\Pinballl\PinballProyect-main\Library\PackageCache\com.unity.visualscripting@1.6.1\Editor\VisualScripting.Core\Dependencies\DotNetZip\Unity.VisualScripting.IonicZip.dll
Native extension for WindowsStandalone target not found
Native extension for WebGL target not found
Refreshing native plugins compatible for Editor in 0.66 ms, found 3 plugins.
Preloading 0 native plugins for Editor in 0.00 ms.
Mono: successfully reloaded assembly
- Completed reload, in  1.187 seconds
Domain Reload Profiling:
	ReloadAssembly (1187ms)
		BeginReloadAssembly (136ms)
			ExecutionOrderSort (0ms)
			DisableScriptedObjects (7ms)
			BackupInstance (0ms)
			ReleaseScriptingObjects (0ms)
			CreateAndSetChildDomain (38ms)
		EndReloadAssembly (985ms)
			LoadAssemblies (104ms)
			RebuildTransferFunctionScriptingTraits (0ms)
			SetupTypeCache (344ms)
			ReleaseScriptCaches (1ms)
			RebuildScriptCaches (42ms)
			SetupLoadedEditorAssemblies (394ms)
				LogAssemblyErrors (0ms)
				InitializePlatformSupportModulesInManaged (6ms)
				SetLoadedEditorAssemblies (0ms)
				RefreshPlugins (1ms)
				BeforeProcessingInitializeOnLoad (59ms)
				ProcessInitializeOnLoadAttributes (315ms)
				ProcessInitializeOnLoadMethodAttributes (4ms)
				AfterProcessingInitializeOnLoad (8ms)
				EditorAssembliesLoaded (0ms)
			ExecutionOrderSort2 (0ms)
			AwakeInstancesAfterBackupRestoration (14ms)
Platform modules already initialized, skipping
Refreshing native plugins compatible for Editor in 0.75 ms, found 3 plugins.
Preloading 0 native plugins for Editor in 0.00 ms.
Unloading 3199 Unused Serialized files (Serialized files now loaded: 0)
System memory in use before: 152.8 MB.
System memory in use after: 152.4 MB.

Unloading 31 unused Assets to reduce memory usage. Loaded Objects now: 3907.
Total: 4.068800 ms (FindLiveObjects: 0.397400 ms CreateObjectMapping: 0.224800 ms MarkObjects: 3.185800 ms  DeleteObjects: 0.259700 ms)

AssetImportParameters requested are different than current active one (requested -> active):
  custom:framework-win-MediaFoundation: 216162199b28c13a410421893ffa2e32 -> 
  custom:video-decoder-ogg-theora: a1e56fd34408186e4bbccfd4996cb3dc -> 
  custom:container-muxer-webm: aa71ff27fc2769a1b78a27578f13a17b -> 
  custom:container-demuxer-webm: 4f35f7cbe854078d1ac9338744f61a02 -> 
  custom:container-demuxer-ogg: 62fdf1f143b41e24485cea50d1cbac27 -> 
  custom:video-encoder-webm-vp8: eb34c28f22e8b96e1ab97ce403110664 -> 
  custom:video-codec-MediaFoundation-h265: 746d11721c4dcdbdad8f713fa42b33f4 -> 
  custom:video-decoder-webm-vp8: 9c59270c3fd7afecdb556c50c9e8de78 -> 
  custom:audio-decoder-ogg-vorbis: bf7c407c2cedff20999df2af8eb42d56 -> 
  custom:audio-encoder-webm-vorbis: bf7c407c2cedff20999df2af8eb42d56 -> 
========================================================================
Received Import Request.
  Time since last request: 19.019083 seconds.
  path: Assets/Scenes/Youlose.unity
  artifactKey: Guid(5c80ecad9eaaf614583eca2f034a3a40) Importer(815301076,1909f56bfc062723c751e8b465ee728b)
Start importing Assets/Scenes/Youlose.unity using Guid(5c80ecad9eaaf614583eca2f034a3a40) Importer(815301076,1909f56bfc062723c751e8b465ee728b)  -> (artifact id: '4845ec63a0da6b681ed835457e5d8bc7') in 0.014631 seconds 
========================================================================
Received Import Request.
  Time since last request: 17.769958 seconds.
  path: Assets/Scenes/Main.unity
  artifactKey: Guid(581e887af3c89dc479a3e21b1e8b9a4b) Importer(815301076,1909f56bfc062723c751e8b465ee728b)
Start importing Assets/Scenes/Main.unity using Guid(581e887af3c89dc479a3e21b1e8b9a4b) Importer(815301076,1909f56bfc062723c751e8b465ee728b)  -> (artifact id: '3960c5dffdce88636a145ec4ddad39a9') in 0.001590 seconds 
========================================================================
Received Prepare
Registering precompiled user dll's ...
Registered in 0.005733 seconds.
Begin MonoManager ReloadAssembly
Symbol file LoadedFromMemory doesn't match image D:\taller Multiplataforma\NeoPinball\Pinballl\PinballProyect-main\Library\PackageCache\com.unity.visualscripting@1.6.1\Editor\VisualScripting.Core\Dependencies\YamlDotNet\Unity.VisualScripting.YamlDotNet.dll
Symbol file LoadedFromMemory doesn't match image D:\taller Multiplataforma\NeoPinball\Pinballl\PinballProyect-main\Library\PackageCache\com.unity.visualscripting@1.6.1\Editor\VisualScripting.Core\Dependencies\DotNetZip\Unity.VisualScripting.IonicZip.dll
Native extension for WindowsStandalone target not found
Native extension for WebGL target not found
Refreshing native plugins compatible for Editor in 0.61 ms, found 3 plugins.
Preloading 0 native plugins for Editor in 0.00 ms.
Mono: successfully reloaded assembly
- Completed reload, in  3.265 seconds
Domain Reload Profiling:
	ReloadAssembly (3265ms)
		BeginReloadAssembly (148ms)
			ExecutionOrderSort (0ms)
			DisableScriptedObjects (6ms)
			BackupInstance (0ms)
			ReleaseScriptingObjects (0ms)
			CreateAndSetChildDomain (39ms)
		EndReloadAssembly (3043ms)
			LoadAssemblies (2104ms)
			RebuildTransferFunctionScriptingTraits (0ms)
			SetupTypeCache (354ms)
			ReleaseScriptCaches (1ms)
			RebuildScriptCaches (43ms)
			SetupLoadedEditorAssemblies (391ms)
				LogAssemblyErrors (0ms)
				InitializePlatformSupportModulesInManaged (5ms)
				SetLoadedEditorAssemblies (0ms)
				RefreshPlugins (1ms)
				BeforeProcessingInitializeOnLoad (65ms)
				ProcessInitializeOnLoadAttributes (308ms)
				ProcessInitializeOnLoadMethodAttributes (4ms)
				AfterProcessingInitializeOnLoad (8ms)
				EditorAssembliesLoaded (0ms)
			ExecutionOrderSort2 (0ms)
			AwakeInstancesAfterBackupRestoration (14ms)
Platform modules already initialized, skipping
Switching build target platform(19) subTarget(0) extendedPlatform(0) -> platform(13) subTarget(537395200) extendedPlatform(0)
Refreshing native plugins compatible for Editor in 0.94 ms, found 3 plugins.
Preloading 0 native plugins for Editor in 0.00 ms.
Unloading 3203 Unused Serialized files (Serialized files now loaded: 0)
System memory in use before: 152.6 MB.
System memory in use after: 152.3 MB.

Unloading 31 unused Assets to reduce memory usage. Loaded Objects now: 3909.
Total: 4.361300 ms (FindLiveObjects: 0.283600 ms CreateObjectMapping: 0.162700 ms MarkObjects: 3.677300 ms  DeleteObjects: 0.236600 ms)

AssetImportParameters requested are different than current active one (requested -> active):
  custom:framework-win-MediaFoundation: 216162199b28c13a410421893ffa2e32 -> 
  custom:video-decoder-ogg-theora: a1e56fd34408186e4bbccfd4996cb3dc -> 
  custom:container-muxer-webm: aa71ff27fc2769a1b78a27578f13a17b -> 
  custom:container-demuxer-webm: 4f35f7cbe854078d1ac9338744f61a02 -> 
  custom:container-demuxer-ogg: 62fdf1f143b41e24485cea50d1cbac27 -> 
  custom:video-encoder-webm-vp8: eb34c28f22e8b96e1ab97ce403110664 -> 
  custom:video-codec-MediaFoundation-h265: 746d11721c4dcdbdad8f713fa42b33f4 -> 
  custom:video-decoder-webm-vp8: 9c59270c3fd7afecdb556c50c9e8de78 -> 
  custom:graphics/normal-map-encoding: 01000000000000000000000000000000 -> 02000000000000000000000000000000
  custom:audio-decoder-ogg-vorbis: bf7c407c2cedff20999df2af8eb42d56 -> 
  custom:audio-encoder-webm-vorbis: bf7c407c2cedff20999df2af8eb42d56 -> 
========================================================================
Received Prepare
Refreshing native plugins compatible for Editor in 3.86 ms, found 3 plugins.
Preloading 0 native plugins for Editor in 0.00 ms.
Unloading 29 Unused Serialized files (Serialized files now loaded: 0)
System memory in use before: 89.7 MB.
System memory in use after: 89.4 MB.

Unloading 29 unused Assets to reduce memory usage. Loaded Objects now: 3909.
Total: 3.957900 ms (FindLiveObjects: 0.305200 ms CreateObjectMapping: 0.222700 ms MarkObjects: 3.186500 ms  DeleteObjects: 0.242300 ms)

AssetImportParameters requested are different than current active one (requested -> active):
  custom:framework-win-MediaFoundation: 216162199b28c13a410421893ffa2e32 -> 
  custom:video-decoder-ogg-theora: a1e56fd34408186e4bbccfd4996cb3dc -> 
  custom:container-muxer-webm: aa71ff27fc2769a1b78a27578f13a17b -> 
  custom:container-demuxer-webm: 4f35f7cbe854078d1ac9338744f61a02 -> 
  custom:container-demuxer-ogg: 62fdf1f143b41e24485cea50d1cbac27 -> 
  custom:video-encoder-webm-vp8: eb34c28f22e8b96e1ab97ce403110664 -> 
  custom:video-codec-MediaFoundation-h265: 746d11721c4dcdbdad8f713fa42b33f4 -> 
  custom:video-decoder-webm-vp8: 9c59270c3fd7afecdb556c50c9e8de78 -> 
  custom:audio-decoder-ogg-vorbis: bf7c407c2cedff20999df2af8eb42d56 -> 
  custom:audio-encoder-webm-vorbis: bf7c407c2cedff20999df2af8eb42d56 -> 
========================================================================
Received Prepare
Registering precompiled user dll's ...
Registered in 0.006484 seconds.
Begin MonoManager ReloadAssembly
Symbol file LoadedFromMemory doesn't match image D:\taller Multiplataforma\NeoPinball\Pinballl\PinballProyect-main\Library\PackageCache\com.unity.visualscripting@1.6.1\Editor\VisualScripting.Core\Dependencies\YamlDotNet\Unity.VisualScripting.YamlDotNet.dll
Symbol file LoadedFromMemory doesn't match image D:\taller Multiplataforma\NeoPinball\Pinballl\PinballProyect-main\Library\PackageCache\com.unity.visualscripting@1.6.1\Editor\VisualScripting.Core\Dependencies\DotNetZip\Unity.VisualScripting.IonicZip.dll
Native extension for WindowsStandalone target not found
Native extension for WebGL target not found
Refreshing native plugins compatible for Editor in 0.63 ms, found 3 plugins.
Preloading 0 native plugins for Editor in 0.00 ms.
Mono: successfully reloaded assembly
- Completed reload, in  1.283 seconds
Domain Reload Profiling:
	ReloadAssembly (1283ms)
		BeginReloadAssembly (147ms)
			ExecutionOrderSort (0ms)
			DisableScriptedObjects (6ms)
			BackupInstance (0ms)
			ReleaseScriptingObjects (0ms)
			CreateAndSetChildDomain (38ms)
		EndReloadAssembly (1073ms)
			LoadAssemblies (112ms)
			RebuildTransferFunctionScriptingTraits (0ms)
			SetupTypeCache (369ms)
			ReleaseScriptCaches (1ms)
			RebuildScriptCaches (47ms)
			SetupLoadedEditorAssemblies (406ms)
				LogAssemblyErrors (0ms)
				InitializePlatformSupportModulesInManaged (6ms)
				SetLoadedEditorAssemblies (0ms)
				RefreshPlugins (1ms)
				BeforeProcessingInitializeOnLoad (58ms)
				ProcessInitializeOnLoadAttributes (327ms)
				ProcessInitializeOnLoadMethodAttributes (5ms)
				AfterProcessingInitializeOnLoad (9ms)
				EditorAssembliesLoaded (0ms)
			ExecutionOrderSort2 (0ms)
			AwakeInstancesAfterBackupRestoration (17ms)
Platform modules already initialized, skipping
Switching build target platform(19) subTarget(0) extendedPlatform(0) -> platform(13) subTarget(537395200) extendedPlatform(0)
Refreshing native plugins compatible for Editor in 0.85 ms, found 3 plugins.
Preloading 0 native plugins for Editor in 0.00 ms.
Unloading 3203 Unused Serialized files (Serialized files now loaded: 0)
System memory in use before: 152.7 MB.
System memory in use after: 152.3 MB.

Unloading 31 unused Assets to reduce memory usage. Loaded Objects now: 3911.
Total: 3.829200 ms (FindLiveObjects: 0.306600 ms CreateObjectMapping: 0.199900 ms MarkObjects: 3.064300 ms  DeleteObjects: 0.257200 ms)

AssetImportParameters requested are different than current active one (requested -> active):
  custom:framework-win-MediaFoundation: 216162199b28c13a410421893ffa2e32 -> 
  custom:video-decoder-ogg-theora: a1e56fd34408186e4bbccfd4996cb3dc -> 
  custom:container-muxer-webm: aa71ff27fc2769a1b78a27578f13a17b -> 
  custom:container-demuxer-webm: 4f35f7cbe854078d1ac9338744f61a02 -> 
  custom:container-demuxer-ogg: 62fdf1f143b41e24485cea50d1cbac27 -> 
  custom:video-encoder-webm-vp8: eb34c28f22e8b96e1ab97ce403110664 -> 
  custom:video-codec-MediaFoundation-h265: 746d11721c4dcdbdad8f713fa42b33f4 -> 
  custom:video-decoder-webm-vp8: 9c59270c3fd7afecdb556c50c9e8de78 -> 
  custom:graphics/normal-map-encoding: 01000000000000000000000000000000 -> 02000000000000000000000000000000
  custom:audio-decoder-ogg-vorbis: bf7c407c2cedff20999df2af8eb42d56 -> 
  custom:audio-encoder-webm-vorbis: bf7c407c2cedff20999df2af8eb42d56 -> 
========================================================================
Received Import Request.
  Time since last request: 270.780793 seconds.
  path: Assets/Editables/Accel.png
  artifactKey: Guid(6adc9526b7574f34095a9fc83e6cb516) Importer(815301076,1909f56bfc062723c751e8b465ee728b)
Start importing Assets/Editables/Accel.png using Guid(6adc9526b7574f34095a9fc83e6cb516) Importer(815301076,1909f56bfc062723c751e8b465ee728b)  -> (artifact id: '5d29a67a59cf4812b4ca3e2e376ed102') in 0.029633 seconds 
========================================================================
Received Import Request.
  Time since last request: 185.670554 seconds.
  path: Assets/Prefabs
  artifactKey: Guid(e7be654d7625be240ae3b9e209f02ec4) Importer(815301076,1909f56bfc062723c751e8b465ee728b)
Start importing Assets/Prefabs using Guid(e7be654d7625be240ae3b9e209f02ec4) Importer(815301076,1909f56bfc062723c751e8b465ee728b)  -> (artifact id: 'c7afdf01c1df1767fecdd5a7abfa763a') in 0.001815 seconds 
========================================================================
Received Prepare
Registering precompiled user dll's ...
Registered in 0.005404 seconds.
Begin MonoManager ReloadAssembly
Symbol file LoadedFromMemory doesn't match image D:\taller Multiplataforma\NeoPinball\Pinballl\PinballProyect-main\Library\PackageCache\com.unity.visualscripting@1.6.1\Editor\VisualScripting.Core\Dependencies\YamlDotNet\Unity.VisualScripting.YamlDotNet.dll
Symbol file LoadedFromMemory doesn't match image D:\taller Multiplataforma\NeoPinball\Pinballl\PinballProyect-main\Library\PackageCache\com.unity.visualscripting@1.6.1\Editor\VisualScripting.Core\Dependencies\DotNetZip\Unity.VisualScripting.IonicZip.dll
Native extension for WindowsStandalone target not found
Native extension for WebGL target not found
Refreshing native plugins compatible for Editor in 0.61 ms, found 3 plugins.
Preloading 0 native plugins for Editor in 0.00 ms.
Mono: successfully reloaded assembly
- Completed reload, in  1.338 seconds
Domain Reload Profiling:
	ReloadAssembly (1338ms)
		BeginReloadAssembly (152ms)
			ExecutionOrderSort (0ms)
			DisableScriptedObjects (8ms)
			BackupInstance (0ms)
			ReleaseScriptingObjects (0ms)
			CreateAndSetChildDomain (41ms)
		EndReloadAssembly (1117ms)
			LoadAssemblies (117ms)
			RebuildTransferFunctionScriptingTraits (0ms)
			SetupTypeCache (373ms)
			ReleaseScriptCaches (1ms)
			RebuildScriptCaches (57ms)
			SetupLoadedEditorAssemblies (408ms)
				LogAssemblyErrors (0ms)
				InitializePlatformSupportModulesInManaged (5ms)
				SetLoadedEditorAssemblies (0ms)
				RefreshPlugins (1ms)
				BeforeProcessingInitializeOnLoad (61ms)
				ProcessInitializeOnLoadAttributes (325ms)
				ProcessInitializeOnLoadMethodAttributes (5ms)
				AfterProcessingInitializeOnLoad (11ms)
				EditorAssembliesLoaded (0ms)
			ExecutionOrderSort2 (0ms)
			AwakeInstancesAfterBackupRestoration (18ms)
Platform modules already initialized, skipping
Switching build target platform(19) subTarget(0) extendedPlatform(0) -> platform(13) subTarget(537395200) extendedPlatform(0)
Refreshing native plugins compatible for Editor in 0.98 ms, found 3 plugins.
Preloading 0 native plugins for Editor in 0.00 ms.
Unloading 3203 Unused Serialized files (Serialized files now loaded: 0)
System memory in use before: 153.1 MB.
System memory in use after: 152.7 MB.

Unloading 31 unused Assets to reduce memory usage. Loaded Objects now: 3927.
Total: 3.713600 ms (FindLiveObjects: 0.259000 ms CreateObjectMapping: 0.130500 ms MarkObjects: 3.072000 ms  DeleteObjects: 0.250900 ms)

AssetImportParameters requested are different than current active one (requested -> active):
  custom:framework-win-MediaFoundation: 216162199b28c13a410421893ffa2e32 -> 
  custom:video-decoder-ogg-theora: a1e56fd34408186e4bbccfd4996cb3dc -> 
  custom:container-muxer-webm: aa71ff27fc2769a1b78a27578f13a17b -> 
  custom:container-demuxer-webm: 4f35f7cbe854078d1ac9338744f61a02 -> 
  custom:container-demuxer-ogg: 62fdf1f143b41e24485cea50d1cbac27 -> 
  custom:video-encoder-webm-vp8: eb34c28f22e8b96e1ab97ce403110664 -> 
  custom:video-codec-MediaFoundation-h265: 746d11721c4dcdbdad8f713fa42b33f4 -> 
  custom:video-decoder-webm-vp8: 9c59270c3fd7afecdb556c50c9e8de78 -> 
  custom:graphics/normal-map-encoding: 01000000000000000000000000000000 -> 02000000000000000000000000000000
  custom:audio-decoder-ogg-vorbis: bf7c407c2cedff20999df2af8eb42d56 -> 
  custom:audio-encoder-webm-vorbis: bf7c407c2cedff20999df2af8eb42d56 -> 
========================================================================
Received Prepare
Registering precompiled user dll's ...
Registered in 0.004986 seconds.
Begin MonoManager ReloadAssembly
Symbol file LoadedFromMemory doesn't match image D:\taller Multiplataforma\NeoPinball\Pinballl\PinballProyect-main\Library\PackageCache\com.unity.visualscripting@1.6.1\Editor\VisualScripting.Core\Dependencies\YamlDotNet\Unity.VisualScripting.YamlDotNet.dll
Symbol file LoadedFromMemory doesn't match image D:\taller Multiplataforma\NeoPinball\Pinballl\PinballProyect-main\Library\PackageCache\com.unity.visualscripting@1.6.1\Editor\VisualScripting.Core\Dependencies\DotNetZip\Unity.VisualScripting.IonicZip.dll
Native extension for WindowsStandalone target not found
Native extension for WebGL target not found
Refreshing native plugins compatible for Editor in 0.60 ms, found 3 plugins.
Preloading 0 native plugins for Editor in 0.00 ms.
Mono: successfully reloaded assembly
- Completed reload, in  1.283 seconds
Domain Reload Profiling:
	ReloadAssembly (1283ms)
		BeginReloadAssembly (152ms)
			ExecutionOrderSort (0ms)
			DisableScriptedObjects (8ms)
			BackupInstance (0ms)
			ReleaseScriptingObjects (0ms)
			CreateAndSetChildDomain (38ms)
		EndReloadAssembly (1071ms)
			LoadAssemblies (111ms)
			RebuildTransferFunctionScriptingTraits (0ms)
			SetupTypeCache (359ms)
			ReleaseScriptCaches (1ms)
			RebuildScriptCaches (46ms)
			SetupLoadedEditorAssemblies (402ms)
				LogAssemblyErrors (0ms)
				InitializePlatformSupportModulesInManaged (6ms)
				SetLoadedEditorAssemblies (0ms)
				RefreshPlugins (1ms)
				BeforeProcessingInitializeOnLoad (61ms)
				ProcessInitializeOnLoadAttributes (321ms)
				ProcessInitializeOnLoadMethodAttributes (4ms)
				AfterProcessingInitializeOnLoad (8ms)
				EditorAssembliesLoaded (0ms)
			ExecutionOrderSort2 (0ms)
			AwakeInstancesAfterBackupRestoration (15ms)
Platform modules already initialized, skipping
Switching build target platform(19) subTarget(0) extendedPlatform(0) -> platform(13) subTarget(537395200) extendedPlatform(0)
Refreshing native plugins compatible for Editor in 0.61 ms, found 3 plugins.
Preloading 0 native plugins for Editor in 0.00 ms.
Unloading 3203 Unused Serialized files (Serialized files now loaded: 0)
System memory in use before: 153.1 MB.
System memory in use after: 152.7 MB.

Unloading 31 unused Assets to reduce memory usage. Loaded Objects now: 3929.
Total: 4.271800 ms (FindLiveObjects: 0.264200 ms CreateObjectMapping: 0.125600 ms MarkObjects: 3.626400 ms  DeleteObjects: 0.254000 ms)

AssetImportParameters requested are different than current active one (requested -> active):
  custom:framework-win-MediaFoundation: 216162199b28c13a410421893ffa2e32 -> 
  custom:video-decoder-ogg-theora: a1e56fd34408186e4bbccfd4996cb3dc -> 
  custom:container-muxer-webm: aa71ff27fc2769a1b78a27578f13a17b -> 
  custom:container-demuxer-webm: 4f35f7cbe854078d1ac9338744f61a02 -> 
  custom:container-demuxer-ogg: 62fdf1f143b41e24485cea50d1cbac27 -> 
  custom:video-encoder-webm-vp8: eb34c28f22e8b96e1ab97ce403110664 -> 
  custom:video-codec-MediaFoundation-h265: 746d11721c4dcdbdad8f713fa42b33f4 -> 
  custom:video-decoder-webm-vp8: 9c59270c3fd7afecdb556c50c9e8de78 -> 
  custom:graphics/normal-map-encoding: 01000000000000000000000000000000 -> 02000000000000000000000000000000
  custom:audio-decoder-ogg-vorbis: bf7c407c2cedff20999df2af8eb42d56 -> 
  custom:audio-encoder-webm-vorbis: bf7c407c2cedff20999df2af8eb42d56 -> 
========================================================================
Received Import Request.
  Time since last request: 411.448690 seconds.
  path: Assets/Scripts
  artifactKey: Guid(e18c28eeb4f3b454eb6751447755fe46) Importer(815301076,1909f56bfc062723c751e8b465ee728b)
Start importing Assets/Scripts using Guid(e18c28eeb4f3b454eb6751447755fe46) Importer(815301076,1909f56bfc062723c751e8b465ee728b)  -> (artifact id: '02286b6f0c368b5c2a40eb2a6d04cbfb') in 0.005436 seconds 
========================================================================
Received Import Request.
  Time since last request: 58.873069 seconds.
  path: Assets/Editables/Modelos/boton.png
  artifactKey: Guid(7f5579f7e4ef4754d9804805ca8c007a) Importer(815301076,1909f56bfc062723c751e8b465ee728b)
Start importing Assets/Editables/Modelos/boton.png using Guid(7f5579f7e4ef4754d9804805ca8c007a) Importer(815301076,1909f56bfc062723c751e8b465ee728b)  -> (artifact id: 'd0932683143cd210064988fba3fea71a') in 0.041520 seconds 
========================================================================
Received Import Request.
  Time since last request: 0.000278 seconds.
  path: Assets/Editables/Modelos/WhatsApp_Audio_2021-10-03_at_01.31.01.mp3
  artifactKey: Guid(b7ac2d0b00819104bb2ff2c05efef254) Importer(815301076,1909f56bfc062723c751e8b465ee728b)
Start importing Assets/Editables/Modelos/WhatsApp_Audio_2021-10-03_at_01.31.01.mp3 using Guid(b7ac2d0b00819104bb2ff2c05efef254) Importer(815301076,1909f56bfc062723c751e8b465ee728b)  -> (artifact id: '1520a8b4e1217d3a9bb53061c4357000') in 0.014940 seconds 
========================================================================
Received Import Request.
  Time since last request: 0.000287 seconds.
  path: Assets/Editables/Modelos/Calavera.FBX
  artifactKey: Guid(3b2136b88a3eb8849a79c620dfd8b20a) Importer(815301076,1909f56bfc062723c751e8b465ee728b)
Start importing Assets/Editables/Modelos/Calavera.FBX using Guid(3b2136b88a3eb8849a79c620dfd8b20a) Importer(815301076,1909f56bfc062723c751e8b465ee728b)  -> (artifact id: '16ec5a075f1a06c46a3c50b1d329a588') in 0.209133 seconds 
========================================================================
Received Import Request.
  Time since last request: 0.647151 seconds.
  path: Assets/Editables/Modelos/png/Ganaste.jpg
  artifactKey: Guid(adda28f51cbc54740b179ce7a4af1127) Importer(815301076,1909f56bfc062723c751e8b465ee728b)
Start importing Assets/Editables/Modelos/png/Ganaste.jpg using Guid(adda28f51cbc54740b179ce7a4af1127) Importer(815301076,1909f56bfc062723c751e8b465ee728b)  -> (artifact id: '83102e367ba90409fbc3c05c419bb9d0') in 0.008362 seconds 
========================================================================
Received Import Request.
  Time since last request: 0.000271 seconds.
  path: Assets/Editables/Modelos/png/Perdiste.jpg
  artifactKey: Guid(eb14729afa7b8a349a3836e2edf5d56c) Importer(815301076,1909f56bfc062723c751e8b465ee728b)
Start importing Assets/Editables/Modelos/png/Perdiste.jpg using Guid(eb14729afa7b8a349a3836e2edf5d56c) Importer(815301076,1909f56bfc062723c751e8b465ee728b)  -> (artifact id: 'a9d4885d24a1c9359be4711b175b46c9') in 0.009629 seconds 
========================================================================
Received Import Request.
  Time since last request: 0.000329 seconds.
  path: Assets/Editables/Modelos/png/pantalla_de_inicio_....jpg
  artifactKey: Guid(479dbad87a82ff04e9ff1edd68c07ed5) Importer(815301076,1909f56bfc062723c751e8b465ee728b)
Start importing Assets/Editables/Modelos/png/pantalla_de_inicio_....jpg using Guid(479dbad87a82ff04e9ff1edd68c07ed5) Importer(815301076,1909f56bfc062723c751e8b465ee728b)  -> (artifact id: '4148ca98a1b6603aafa33a502634dd2d') in 0.021307 seconds 
========================================================================
Received Import Request.
  Time since last request: 18.816577 seconds.
  path: Assets/Editables/Modelos/png/pantalla_de_inicio_....jpg
  artifactKey: Guid(479dbad87a82ff04e9ff1edd68c07ed5) Importer(815301076,1909f56bfc062723c751e8b465ee728b)
Start importing Assets/Editables/Modelos/png/pantalla_de_inicio_....jpg using Guid(479dbad87a82ff04e9ff1edd68c07ed5) Importer(815301076,1909f56bfc062723c751e8b465ee728b)  -> (artifact id: 'd0f04873dc19df30539e07ec21391c57') in 0.219591 seconds 
